make all --print-data-base --no-builtin-variables --no-builtin-rules --question
make: *** No rule to make target 'all'.  Stop.
 
# GNU Make 4.2.1
# Built for x86_64-pc-linux-gnu
# Copyright (C) 1988-2016 Free Software Foundation, Inc.
# License GPLv3+: GNU GPL version 3 or later <http://gnu.org/licenses/gpl.html>
# This is free software: you are free to change and redistribute it.
# There is NO WARRANTY, to the extent permitted by law.

# Make data base, printed on Fri Mar  4 13:39:53 2022

# Variables

# makefile (from 'Makefile', line 216)
QEMUGDB = $(shell if $(QEMU) -help | grep -q '^-gdb'; then echo "-gdb tcp::$(GDBPORT)"; else echo "-s -p $(GDBPORT)"; fi)
# automatic
<D = $(patsubst %/,%,$(dir $<))
# automatic
?F = $(notdir $?)
# default
.SHELLFLAGS := -c
# makefile (from 'Makefile', line 58)
QEMU = $(shell if which qemu > /dev/null; then echo qemu; exit; elif which qemu-system-i386 > /dev/null; then echo qemu-system-i386; exit; elif which qemu-system-x86_64 > /dev/null; then echo qemu-system-x86_64; exit; else qemu=/Applications/Q.app/Contents/MacOS/i386-softmmu.app/Contents/MacOS/i386-softmmu; if test -x $$qemu; then echo $$qemu; exit; fi; fi; echo "***" 1>&2; echo "*** Error: Couldn't find a working QEMU executable." 1>&2; echo "*** Is the directory containing the qemu binary in your PATH" 1>&2; echo "*** or have you tried setting the QEMU variable in Makefile?" 1>&2; echo "***" 1>&2; exit 1)
# environment
XDG_SESSION_CLASS = user
# environment
VSCODE_AGENT_FOLDER = /home/ubuntu/.vscode-server
# environment
XDG_SESSION_TYPE = tty
# environment
VSCODE_LOG_NATIVE = false
# automatic
?D = $(patsubst %/,%,$(dir $?))
# automatic
@D = $(patsubst %/,%,$(dir $@))
# automatic
@F = $(notdir $@)
# default
MAKE_VERSION := 4.2.1
# makefile
CURDIR := /home/ubuntu/operating_system/xv6-public
# makefile
SHELL = /bin/sh
# environment
VSCODE_NLS_CONFIG = {"locale":"en","availableLanguages":{}}
# environment
_ = /home/ubuntu/.vscode-server/bin/f80445acd5a3dadef24aa209168452a3d97cc326/node
# makefile (from 'Makefile', line 87)
CFLAGS = -fno-pic -static -fno-builtin -fno-strict-aliasing -O2 -Wall -MD -ggdb -m32 -Werror -fno-omit-frame-pointer $(shell $(CC) -fno-stack-protector -E -x c /dev/null >/dev/null 2>&1 && echo -fno-stack-protector) -fno-pie -no-pie
# makefile (from 'Makefile', line 214)
GDBPORT = $(shell expr `id -u` % 5000 + 25000)
# makefile (from 'zombie.d', line 1)
MAKEFILE_LIST :=  Makefile bio.d init.d log.d ioapic.d lapic.d mp.d kill.d pipe.d initcode.d entryother.d kalloc.d grep.d string.d syscall.d umalloc.d sysfile.d ln.d sleeplock.d stressfs.d spinlock.d picirq.d kbd.d bootmain.d exec.d wc.d printf.d uart.d rm.d file.d main.d sysproc.d ls.d echo.d vm.d forktest.d proc.d ulib.d usertests.d fs.d trap.d ide.d sh.d console.d mkdir.d bootasm.d cat.d zombie.d
# 'override' directive
GNUMAKEFLAGS := 
# environment
DBUS_SESSION_BUS_ADDRESS = unix:path=/run/user/1001/bus
# environment
VSCODE_VERBOSE_LOGGING = true
# makefile (from 'Makefile', line 250)
EXTRA = mkfs.c ulib.c user.h cat.c echo.c forktest.c grep.c kill.c ln.c ls.c mkdir.c rm.c stressfs.c usertests.c wc.c zombie.c printf.c umalloc.c README dot-bochsrc *.pl toc.* runoff runoff1 runoff.list .gdbinit.tmpl gdbutil 
# makefile (from 'Makefile', line 75)
AS = $(TOOLPREFIX)gas
# makefile (from 'Makefile', line 1)
OBJS = bio.o console.o exec.o file.o fs.o ide.o ioapic.o kalloc.o kbd.o lapic.o log.o main.o mp.o picirq.o pipe.o proc.o sleeplock.o spinlock.o string.o swtch.o syscall.o sysfile.o sysproc.o trapasm.o trap.o uart.o vectors.o vm.o 
# environment
P9K_SSH = 1
# environment
VSCODE_CWD = /home/ubuntu
# environment
SSH_CONNECTION = 118.32.40.220 52797 10.0.0.3 22
# environment
PATH = /home/ubuntu/.vscode-server/bin/f80445acd5a3dadef24aa209168452a3d97cc326/bin/remote-cli:/usr/local/sbin:/usr/local/bin:/usr/sbin:/usr/bin:/sbin:/bin:/usr/games:/usr/local/games:/snap/bin
# makefile (from 'Makefile', line 76)
LD = $(TOOLPREFIX)ld
# environment
LSCOLORS = Gxfxcxdxbxegedabagacad
# environment
XDG_RUNTIME_DIR = /run/user/1001
# makefile (from 'Makefile', line 220)
CPUS := 2
# environment
VSCODE_LOG_STACK = false
# environment
VSCODE_IPC_HOOK_CLI = /run/user/1001/vscode-ipc-cd27eb81-8739-4324-8e40-5f1f25ef5754.sock
# makefile (from 'Makefile', line 83)
LDFLAGS = -m $(shell $(LD) -V | grep elf_i386 2>/dev/null | head -n 1)
# makefile (from 'Makefile', line 146)
ULIB = ulib.o usys.o printf.o umalloc.o
# default
.FEATURES := target-specific order-only second-expansion else-if shortest-stem undefine oneshell archives jobserver output-sync check-symlink load
# environment
LS_COLORS = 
# automatic
%F = $(notdir $%)
# environment
VSCODE_PIPE_LOGGING = true
# environment
PWD = /home/ubuntu/operating_system/xv6-public
# default
.LOADED := 
# automatic
*D = $(patsubst %/,%,$(dir $*))
# environment
VSCODE_AMD_ENTRYPOINT = vs/workbench/services/extensions/node/extensionHostProcess
# environment
HOME = /home/ubuntu
# environment
LOGNAME = ubuntu
# environment
APPLICATION_INSIGHTS_NO_DIAGNOSTIC_CHANNEL = 1
# automatic
+F = $(notdir $+)
# environment
ZSH = /home/ubuntu/.oh-my-zsh
# environment
VSCODE_HANDLES_UNCAUGHT_ERRORS = true
# automatic
^D = $(patsubst %/,%,$(dir $^))
# environment
MAKELEVEL := 0
# default
MAKE = $(MAKE_COMMAND)
# default
MAKECMDGOALS := all
# environment
SHLVL = 1
# makefile (from 'Makefile', line 74)
CC = $(TOOLPREFIX)gcc
# makefile (from 'Makefile', line 39)
TOOLPREFIX := 
# makefile (from 'Makefile', line 81)
ASFLAGS = -m32 -gdwarf-2 -Wa,-divide
# environment
XDG_SESSION_ID = 23106
# environment
USER = ubuntu
# makefile (from 'Makefile', line 199)
PRINT = runoff.list runoff.spec README toc.hdr toc.ftr $(FILES)
# makefile
.DEFAULT_GOAL := xv6.img
# environment
LESS = -R
# automatic
%D = $(patsubst %/,%,$(dir $%))
# default
MAKE_COMMAND := make
# environment
OLDPWD = /home/ubuntu
# default
.VARIABLES := 
# automatic
*F = $(notdir $*)
# makefile
MAKEFLAGS = pqrR
# environment
MFLAGS = -pqrR
# environment
SSH_CLIENT = 118.32.40.220 52797 22
# makefile (from 'Makefile', line 134)
MEMFSOBJS = $(filter-out ide.o,$(OBJS)) memide.o
# automatic
+D = $(patsubst %/,%,$(dir $+))
# makefile (from 'Makefile', line 78)
OBJDUMP = $(TOOLPREFIX)objdump
# environment
BROWSER = /home/ubuntu/.vscode-server/bin/f80445acd5a3dadef24aa209168452a3d97cc326/bin/helpers/browser.sh
# makefile (from 'Makefile', line 222)
QEMUOPTS = -drive file=fs.img,index=1,media=disk,format=raw -drive file=xv6.img,index=0,media=disk,format=raw -smp $(CPUS) -m 512 $(QEMUEXTRA)
# 'override' directive
.SHELLSTATUS := 0
# default
MAKEFILES := 
# automatic
<F = $(notdir $<)
# environment
PAGER = less
# environment
LC_ALL = C
# automatic
^F = $(notdir $^)
# makefile (from 'Makefile', line 77)
OBJCOPY = $(TOOLPREFIX)objcopy
# default
SUFFIXES := 
# makefile (from 'Makefile', line 168)
UPROGS = _cat _echo _forktest _grep _init _kill _ln _ls _mkdir _rm _sh _stressfs _usertests _wc _zombie 
# default
.INCLUDE_DIRS = /usr/include /usr/local/include /usr/include
# default
.RECIPEPREFIX := 
# default
MAKE_HOST := x86_64-pc-linux-gnu
# environment
LANG = C
# environment
VSCODE_EXTHOST_WILL_SEND_SOCKET = true
# environment
MOTD_SHOWN = pam
# makefile (from 'Makefile', line 198)
FILES = $(shell grep -v '^#' runoff.list)
# variable set hash-table stats:
# Load=94/1024=9%, Rehash=0, Collisions=16/249=6%

# Pattern-specific Variable Values

# No pattern-specific variable values.

# Directories

# . (device 2049, inode 259989): 266 files, no impossibilities.

# 266 files, no impossibilities in 1 directories.

# Implicit Rules

_%: %.o ulib.o usys.o printf.o umalloc.o
#  recipe to execute (from 'Makefile', line 149):
	$(LD) $(LDFLAGS) -N -e main -Ttext 0 -o $@ $^
	$(OBJDUMP) -S $@ > $*.asm
	$(OBJDUMP) -t $@ | sed '1,/SYMBOL TABLE/d; s/ .* / /; /^$$/d' > $*.sym

# 1 implicit rules, 0 (0.0%) terminal.

# Files

# Not a target:
mmu.h:
#  Implicit rule search has not been done.
#  Modification time never checked.
#  File has not been updated.

# Not a target:
types.h:
#  Implicit rule search has not been done.
#  Modification time never checked.
#  File has not been updated.

# Not a target:
memlayout.h:
#  Implicit rule search has not been done.
#  Modification time never checked.
#  File has not been updated.

xv6.pdf: runoff.list runoff.spec README toc.hdr toc.ftr types.h param.h memlayout.h defs.h x86.h asm.h mmu.h elf.h date.h entry.S entryother.S main.c spinlock.h spinlock.c vm.c proc.h proc.c swtch.S kalloc.c traps.h vectors.pl trapasm.S trap.c syscall.h syscall.c sysproc.c buf.h sleeplock.h fcntl.h stat.h fs.h file.h ide.c bio.c sleeplock.c log.c fs.c file.c sysfile.c exec.c pipe.c string.c mp.h mp.c lapic.c ioapic.c kbd.h kbd.c console.c uart.c initcode.S usys.S init.c sh.c bootasm.S bootmain.c kernel.ld
#  Implicit rule search has not been done.
#  Modification time never checked.
#  File has not been updated.
#  recipe to execute (from 'Makefile', line 202):
	./runoff
	ls -l xv6.pdf

wc.o: wc.c /usr/include/stdc-predef.h types.h stat.h user.h
#  Implicit rule search has not been done.
#  Modification time never checked.
#  File has not been updated.

# Not a target:
_grep:
#  Implicit rule search has not been done.
#  Modification time never checked.
#  File has not been updated.

# Not a target:
console.d:
#  Implicit rule search has been done.
#  Last modified 2022-03-04 12:51:19.344451524
#  File has been updated.
#  Successfully updated.

qemu: fs.img xv6.img
#  Implicit rule search has not been done.
#  Modification time never checked.
#  File has not been updated.
#  recipe to execute (from 'Makefile', line 225):
	$(QEMU) -serial mon:stdio $(QEMUOPTS)

kbd.o: kbd.c /usr/include/stdc-predef.h types.h x86.h defs.h kbd.h
#  Implicit rule search has not been done.
#  Modification time never checked.
#  File has not been updated.

# Not a target:
pipe.c:
#  Implicit rule search has not been done.
#  Modification time never checked.
#  File has not been updated.

picirq.o: picirq.c /usr/include/stdc-predef.h types.h x86.h traps.h
#  Implicit rule search has not been done.
#  Modification time never checked.
#  File has not been updated.

qemu-memfs: xv6memfs.img
#  Implicit rule search has not been done.
#  Modification time never checked.
#  File has not been updated.
#  recipe to execute (from 'Makefile', line 228):
	$(QEMU) -drive file=xv6memfs.img,index=0,media=disk,format=raw -smp $(CPUS) -m 256

# Not a target:
stressfs.c:
#  Implicit rule search has not been done.
#  Modification time never checked.
#  File has not been updated.

qemu-nox-gdb: fs.img xv6.img .gdbinit
#  Implicit rule search has not been done.
#  Modification time never checked.
#  File has not been updated.
#  recipe to execute (from 'Makefile', line 241):
	@echo "*** Now run 'gdb'." 1>&2
	$(QEMU) -nographic $(QEMUOPTS) -S $(QEMUGDB)

spinlock.o: spinlock.c /usr/include/stdc-predef.h types.h defs.h param.h x86.h memlayout.h mmu.h proc.h spinlock.h
#  Implicit rule search has not been done.
#  Modification time never checked.
#  File has not been updated.

# Not a target:
init.c:
#  Implicit rule search has not been done.
#  Modification time never checked.
#  File has not been updated.

# Not a target:
sleeplock.h:
#  Implicit rule search has not been done.
#  Modification time never checked.
#  File has not been updated.

# Not a target:
x86.h:
#  Implicit rule search has not been done.
#  Modification time never checked.
#  File has not been updated.

# Not a target:
all:
#  Command line target.
#  Implicit rule search has been done.
#  File does not exist.
#  File has not been updated.

# Not a target:
_ln:
#  Implicit rule search has not been done.
#  Modification time never checked.
#  File has not been updated.

bio.o: bio.c /usr/include/stdc-predef.h types.h defs.h param.h spinlock.h sleeplock.h fs.h buf.h
#  Implicit rule search has not been done.
#  Modification time never checked.
#  File has not been updated.

sysfile.o: sysfile.c /usr/include/stdc-predef.h types.h defs.h param.h stat.h mmu.h proc.h fs.h spinlock.h sleeplock.h file.h fcntl.h
#  Implicit rule search has not been done.
#  Modification time never checked.
#  File has not been updated.

# Not a target:
fcntl.h:
#  Implicit rule search has not been done.
#  Modification time never checked.
#  File has not been updated.

# Not a target:
proc.d:
#  Implicit rule search has been done.
#  Last modified 2022-03-04 12:51:21.668481645
#  File has been updated.
#  Successfully updated.

.PHONY: dist-test dist
#  Implicit rule search has not been done.
#  Modification time never checked.
#  File has not been updated.

# Not a target:
forktest.d:
#  Implicit rule search has been done.
#  Last modified 2022-03-04 12:51:27.276554321
#  File has been updated.
#  Successfully updated.

# Not a target:
vm.d:
#  Implicit rule search has been done.
#  Last modified 2022-03-04 12:51:23.280502537
#  File has been updated.
#  Successfully updated.

# Not a target:
string.c:
#  Implicit rule search has not been done.
#  Modification time never checked.
#  File has not been updated.

# Not a target:
syscall.h:
#  Implicit rule search has not been done.
#  Modification time never checked.
#  File has not been updated.

# Not a target:
stat.h:
#  Implicit rule search has not been done.
#  Modification time never checked.
#  File has not been updated.

bootblock: bootasm.S bootmain.c
#  Implicit rule search has not been done.
#  Modification time never checked.
#  File has not been updated.
#  recipe to execute (from 'Makefile', line 104):
	$(CC) $(CFLAGS) -fno-pic -O -nostdinc -I. -c bootmain.c
	$(CC) $(CFLAGS) -fno-pic -nostdinc -I. -c bootasm.S
	$(LD) $(LDFLAGS) -N -e start -Ttext 0x7C00 -o bootblock.o bootasm.o bootmain.o
	$(OBJDUMP) -S bootblock.o > bootblock.asm
	$(OBJCOPY) -S -O binary -j .text bootblock.o bootblock
	./sign.pl bootblock

# Not a target:
zombie.c:
#  Implicit rule search has not been done.
#  Modification time never checked.
#  File has not been updated.

# Not a target:
cat.c:
#  Implicit rule search has not been done.
#  Modification time never checked.
#  File has not been updated.

# Not a target:
bio.c:
#  Implicit rule search has not been done.
#  Modification time never checked.
#  File has not been updated.

# Not a target:
main.c:
#  Implicit rule search has not been done.
#  Modification time never checked.
#  File has not been updated.

grep.o: grep.c /usr/include/stdc-predef.h types.h stat.h user.h
#  Implicit rule search has not been done.
#  Modification time never checked.
#  File has not been updated.

.PRECIOUS: %.o
#  Implicit rule search has not been done.
#  Modification time never checked.
#  File has not been updated.

kalloc.o: kalloc.c /usr/include/stdc-predef.h types.h defs.h param.h memlayout.h mmu.h spinlock.h
#  Implicit rule search has not been done.
#  Modification time never checked.
#  File has not been updated.

# Not a target:
README:
#  Implicit rule search has not been done.
#  Modification time never checked.
#  File has not been updated.

# Not a target:
trapasm.S:
#  Implicit rule search has not been done.
#  Modification time never checked.
#  File has not been updated.

umalloc.o: umalloc.c /usr/include/stdc-predef.h types.h stat.h user.h param.h
#  Implicit rule search has not been done.
#  Modification time never checked.
#  File has not been updated.

string.o: string.c /usr/include/stdc-predef.h types.h x86.h
#  Implicit rule search has not been done.
#  Modification time never checked.
#  File has not been updated.

mkdir.o: mkdir.c /usr/include/stdc-predef.h types.h stat.h user.h
#  Implicit rule search has not been done.
#  Modification time never checked.
#  File has not been updated.

# Not a target:
file.d:
#  Implicit rule search has been done.
#  Last modified 2022-03-04 12:51:19.652455517
#  File has been updated.
#  Successfully updated.

# Not a target:
_mkdir:
#  Implicit rule search has not been done.
#  Modification time never checked.
#  File has not been updated.

# Not a target:
rm.d:
#  Implicit rule search has been done.
#  Last modified 2022-03-04 12:51:28.152565673
#  File has been updated.
#  Successfully updated.

# Not a target:
uart.d:
#  Implicit rule search has been done.
#  Last modified 2022-03-04 12:51:22.956498336
#  File has been updated.
#  Successfully updated.

# Not a target:
sh.c:
#  Implicit rule search has not been done.
#  Modification time never checked.
#  File has not been updated.

 
mp.o: mp.c /usr/include/stdc-predef.h types.h defs.h param.h memlayout.h mp.h x86.h mmu.h proc.h
#  Implicit rule search has not been done.
#  Modification time never checked.
#  File has not been updated.

# Not a target:
ide.c:
#  Implicit rule search has not been done.
#  Modification time never checked.
#  File has not been updated.

# Not a target:
initcode.d:
#  Implicit rule search has been done.
#  Last modified 2022-03-04 12:51:23.448504715
#  File has been updated.
#  Successfully updated.

# Not a target:
ulib.d:
#  Implicit rule search has been done.
#  Last modified 2022-03-04 12:51:26.748547479
#  File has been updated.
#  Successfully updated.

lapic.o: lapic.c /usr/include/stdc-predef.h param.h types.h defs.h date.h memlayout.h traps.h mmu.h x86.h
#  Implicit rule search has not been done.
#  Modification time never checked.
#  File has not been updated.

ioapic.o: ioapic.c /usr/include/stdc-predef.h types.h defs.h traps.h
#  Implicit rule search has not been done.
#  Modification time never checked.
#  File has not been updated.

initcode.o: initcode.S syscall.h traps.h
#  Implicit rule search has not been done.
#  Modification time never checked.
#  File has not been updated.

# Not a target:
exec.c:
#  Implicit rule search has not been done.
#  Modification time never checked.
#  File has not been updated.

# Not a target:
traps.h:
#  Implicit rule search has not been done.
#  Modification time never checked.
#  File has not been updated.

# Not a target:
fs.c:
#  Implicit rule search has not been done.
#  Modification time never checked.
#  File has not been updated.

# Not a target:
_init:
#  Implicit rule search has not been done.
#  Modification time never checked.
#  File has not been updated.

# Not a target:
usertests.c:
#  Implicit rule search has not been done.
#  Modification time never checked.
#  File has not been updated.

# Not a target:
ln.d:
#  Implicit rule search has been done.
#  Last modified 2022-03-04 12:51:27.764560645
#  File has been updated.
#  Successfully updated.

# Not a target:
bootmain.d:
#  Implicit rule search has been done.
#  Last modified 2022-03-04 12:51:18.87644546
#  File has been updated.
#  Successfully updated.

tags: bio.o console.o exec.o file.o fs.o ide.o ioapic.o kalloc.o kbd.o lapic.o log.o main.o mp.o picirq.o pipe.o proc.o sleeplock.o spinlock.o string.o swtch.o syscall.o sysfile.o sysproc.o trapasm.o trap.o uart.o vectors.o vm.o entryother.S _init
#  Implicit rule search has not been done.
#  Modification time never checked.
#  File has not been updated.
#  recipe to execute (from 'Makefile', line 141):
	etags *.S *.c

print: xv6.pdf
#  Implicit rule search has not been done.
#  Modification time never checked.
#  File has not been updated.

# Not a target:
%.o:
#  Precious file (prerequisite of .PRECIOUS).
#  Implicit rule search has not been done.
#  Modification time never checked.
#  File has not been updated.

# Not a target:
Makefile:
#  Implicit rule search has been done.
#  Last modified 2022-03-04 12:51:07.800301923
#  File has been updated.
#  Successfully updated.

kernel: bio.o console.o exec.o file.o fs.o ide.o ioapic.o kalloc.o kbd.o lapic.o log.o main.o mp.o picirq.o pipe.o proc.o sleeplock.o spinlock.o string.o swtch.o syscall.o sysfile.o sysproc.o trapasm.o trap.o uart.o vectors.o vm.o entry.o entryother initcode kernel.ld
#  Implicit rule search has not been done.
#  Modification time never checked.
#  File has not been updated.
#  recipe to execute (from 'Makefile', line 124):
	$(LD) $(LDFLAGS) -T kernel.ld -o kernel entry.o $(OBJS) -b binary initcode entryother
	$(OBJDUMP) -S kernel > kernel.asm
	$(OBJDUMP) -t kernel | sed '1,/SYMBOL TABLE/d; s/ .* / /; /^$$/d' > kernel.sym

# Not a target:
rm.c:
#  Implicit rule search has not been done.
#  Modification time never checked.
#  File has not been updated.

# Not a target:
ls.c:
#  Implicit rule search has not been done.
#  Modification time never checked.
#  File has not been updated.

# Not a target:
stressfs.d:
#  Implicit rule search has been done.
#  Last modified 2022-03-04 12:51:28.648572102
#  File has been updated.
#  Successfully updated.

kernelmemfs: bio.o console.o exec.o file.o fs.o ioapic.o kalloc.o kbd.o lapic.o log.o main.o mp.o picirq.o pipe.o proc.o sleeplock.o spinlock.o string.o swtch.o syscall.o sysfile.o sysproc.o trapasm.o trap.o uart.o vectors.o vm.o memide.o entry.o entryother initcode kernel.ld fs.img
#  Implicit rule search has not been done.
#  Modification time never checked.
#  File has not been updated.
#  recipe to execute (from 'Makefile', line 136):
	$(LD) $(LDFLAGS) -T kernel.ld -o kernelmemfs entry.o  $(MEMFSOBJS) -b binary initcode entryother fs.img
	$(OBJDUMP) -S kernelmemfs > kernelmemfs.asm
	$(OBJDUMP) -t kernelmemfs | sed '1,/SYMBOL TABLE/d; s/ .* / /; /^$$/d' > kernelmemfs.sym

# Not a target:
sleeplock.d:
#  Implicit rule search has been done.
#  Last modified 2022-03-04 12:51:21.772482992
#  File has been updated.
#  Successfully updated.

# Not a target:
kill.d:
#  Implicit rule search has been done.
#  Last modified 2022-03-04 12:51:27.668559397
#  File has been updated.
#  Successfully updated.

# Not a target:
sysproc.c:
#  Implicit rule search has not been done.
#  Modification time never checked.
#  File has not been updated.

# Not a target:
.gdbinit.tmpl:
#  Implicit rule search has not been done.
#  Modification time never checked.
#  File has not been updated.

# Not a target:
log.c:
#  Implicit rule search has not been done.
#  Modification time never checked.
#  File has not been updated.

# Not a target:
_stressfs:
#  Implicit rule search has not been done.
#  Modification time never checked.
#  File has not been updated.

rm.o: rm.c /usr/include/stdc-predef.h types.h stat.h user.h
#  Implicit rule search has not been done.
#  Modification time never checked.
#  File has not been updated.

console.o: console.c /usr/include/stdc-predef.h types.h defs.h param.h traps.h spinlock.h sleeplock.h fs.h file.h memlayout.h mmu.h proc.h x86.h
#  Implicit rule search has not been done.
#  Modification time never checked.
#  File has not been updated.

# Not a target:
elf.h:
#  Implicit rule search has not been done.
#  Modification time never checked.
#  File has not been updated.

# Not a target:
syscall.d:
#  Implicit rule search has been done.
#  Last modified 2022-03-04 12:51:22.248489161
#  File has been updated.
#  Successfully updated.

# Not a target:
echo.d:
#  Implicit rule search has been done.
#  Last modified 2022-03-04 12:51:27.168552919
#  File has been updated.
#  Successfully updated.

# Not a target:
asm.h:
#  Implicit rule search has not been done.
#  Modification time never checked.
#  File has not been updated.

_forktest: forktest.o ulib.o usys.o printf.o umalloc.o
#  Implicit rule search has not been done.
#  Modification time never checked.
#  File has not been updated.
#  recipe to execute (from 'Makefile', line 154):
	# forktest has less library code linked in - needs to be small
	# in order to be able to max out the proc table.
	$(LD) $(LDFLAGS) -N -e main -Ttext 0 -o _forktest forktest.o ulib.o usys.o
	$(OBJDUMP) -S _forktest > forktest.asm

# Not a target:
ide.d:
#  Implicit rule search has been done.
#  Last modified 2022-03-04 12:51:20.268463501
#  File has been updated.
#  Successfully updated.

# Not a target:
_kill:
#  Implicit rule search has not been done.
#  Modification time never checked.
#  File has not been updated.

# Not a target:
wc.c:
#  Implicit rule search has not been done.
#  Modification time never checked.
#  File has not been updated.

# Not a target:
fs.h:
#  Implicit rule search has not been done.
#  Modification time never checked.
#  File has not been updated.

# Not a target:
kbd.c:
#  Implicit rule search has not been done.
#  Modification time never checked.
#  File has not been updated.

# Not a target:
entry.o:
#  Implicit rule search has not been done.
#  Modification time never checked.
#  File has not been updated.

# Not a target:
picirq.c:
#  Implicit rule search has not been done.
#  Modification time never checked.
#  File has not been updated.

# Not a target:
vm.c:
 
#  Implicit rule search has not been done.
#  Modification time never checked.
#  File has not been updated.

proc.o: proc.c /usr/include/stdc-predef.h types.h defs.h param.h memlayout.h mmu.h x86.h proc.h spinlock.h
#  Implicit rule search has not been done.
#  Modification time never checked.
#  File has not been updated.

# Not a target:
pipe.d:
#  Implicit rule search has been done.
#  Last modified 2022-03-04 12:51:21.348477494
#  File has been updated.
#  Successfully updated.

# Not a target:
param.h:
#  Implicit rule search has not been done.
#  Modification time never checked.
#  File has not been updated.

forktest.o: forktest.c /usr/include/stdc-predef.h types.h stat.h user.h
#  Implicit rule search has not been done.
#  Modification time never checked.
#  File has not been updated.

# Not a target:
spinlock.c:
#  Implicit rule search has not been done.
#  Modification time never checked.
#  File has not been updated.

# Not a target:
trap.c:
#  Implicit rule search has not been done.
#  Modification time never checked.
#  File has not been updated.

# Not a target:
vectors.o:
#  Implicit rule search has not been done.
#  Modification time never checked.
#  File has not been updated.

# Not a target:
init.d:
#  Implicit rule search has been done.
#  Last modified 2022-03-04 12:51:27.572558157
#  File has been updated.
#  Successfully updated.

# Not a target:
sysfile.c:
#  Implicit rule search has not been done.
#  Modification time never checked.
#  File has not been updated.

vm.o: vm.c /usr/include/stdc-predef.h param.h types.h defs.h x86.h memlayout.h mmu.h proc.h elf.h
#  Implicit rule search has not been done.
#  Modification time never checked.
#  File has not been updated.

# Not a target:
usys.o:
#  Implicit rule search has not been done.
#  Modification time never checked.
#  File has not been updated.

# Not a target:
_rm:
#  Implicit rule search has not been done.
#  Modification time never checked.
#  File has not been updated.

file.o: file.c /usr/include/stdc-predef.h types.h defs.h param.h fs.h spinlock.h sleeplock.h file.h
#  Implicit rule search has not been done.
#  Modification time never checked.
#  File has not been updated.

# Not a target:
toc.hdr:
#  Implicit rule search has not been done.
#  Modification time never checked.
#  File has not been updated.

uart.o: uart.c /usr/include/stdc-predef.h types.h defs.h param.h traps.h spinlock.h sleeplock.h fs.h file.h mmu.h proc.h x86.h
#  Implicit rule search has not been done.
#  Modification time never checked.
#  File has not been updated.

# Not a target:
vectors.pl:
#  Implicit rule search has not been done.
#  Modification time never checked.
#  File has not been updated.

# Not a target:
user.h:
#  Implicit rule search has not been done.
#  Modification time never checked.
#  File has not been updated.

initcode: initcode.S
#  Implicit rule search has not been done.
#  Modification time never checked.
#  File has not been updated.
#  recipe to execute (from 'Makefile', line 118):
	$(CC) $(CFLAGS) -nostdinc -I. -c initcode.S
	$(LD) $(LDFLAGS) -N -e start -Ttext 0 -o initcode.out initcode.o
	$(OBJCOPY) -S -O binary initcode.out initcode
	$(OBJDUMP) -S initcode.o > initcode.asm

# Not a target:
swtch.S:
#  Implicit rule search has not been done.
#  Modification time never checked.
#  File has not been updated.

printf.o: printf.c /usr/include/stdc-predef.h types.h stat.h user.h
#  Implicit rule search has not been done.
#  Modification time never checked.
#  File has not been updated.

ulib.o: ulib.c /usr/include/stdc-predef.h types.h stat.h fcntl.h user.h x86.h
#  Implicit rule search has not been done.
#  Modification time never checked.
#  File has not been updated.

# Not a target:
grep.c:
#  Implicit rule search has not been done.
#  Modification time never checked.
#  File has not been updated.

fs.img: mkfs README _cat _echo _forktest _grep _init _kill _ln _ls _mkdir _rm _sh _stressfs _usertests _wc _zombie
#  Implicit rule search has not been done.
#  Modification time never checked.
#  File has not been updated.
#  recipe to execute (from 'Makefile', line 186):
	./mkfs fs.img README $(UPROGS)

# Not a target:
zombie.d:
#  Implicit rule search has been done.
#  Last modified 2022-03-04 12:51:30.136591387
#  File has been updated.
#  Successfully updated.

# Not a target:
cat.d:
#  Implicit rule search has been done.
#  Last modified 2022-03-04 12:51:27.072551678
#  File has been updated.
#  Successfully updated.

# Not a target:
main.d:
#  Implicit rule search has been done.
#  Last modified 2022-03-04 12:51:20.976472677
#  File has been updated.
#  Successfully updated.

# Not a target:
kalloc.c:
#  Implicit rule search has not been done.
#  Modification time never checked.
#  File has not been updated.

# Not a target:
bootasm.d:
#  Implicit rule search has been done.
#  Last modified 2022-03-04 12:51:18.892445667
#  File has been updated.
#  Successfully updated.

# Not a target:
umalloc.c:
#  Implicit rule search has not been done.
#  Modification time never checked.
#  File has not been updated.

# Not a target:
ln.c:
#  Implicit rule search has not been done.
#  Modification time never checked.
#  File has not been updated.

# Not a target:
mkdir.c:
#  Implicit rule search has not been done.
#  Modification time never checked.
#  File has not been updated.

bochs: fs.img xv6.img
#  Implicit rule search has not been done.
#  Modification time never checked.
#  File has not been updated.
#  recipe to execute (from 'Makefile', line 210):
	if [ ! -e .bochsrc ]; then ln -s dot-bochsrc .bochsrc; fi
	bochs -q

# Not a target:
_sh:
#  Implicit rule search has not been done.
#  Modification time never checked.
#  File has not been updated.

# Not a target:
kbd.h:
#  Implicit rule search has not been done.
#  Modification time never checked.
#  File has not been updated.

bootmain.o: bootmain.c types.h elf.h x86.h memlayout.h
#  Implicit rule search has not been done.
#  Modification time never checked.
#  File has not been updated.

# Not a target:
mp.c:
#  Implicit rule search has not been done.
#  Modification time never checked.
#  File has not been updated.

# Not a target:
_cat:
#  Implicit rule search has not been done.
#  Modification time never checked.
#  File has not been updated.

# Not a target:
sh.d:
#  Implicit rule search has been done.
#  Last modified 2022-03-04 12:51:28.53657065
#  File has been updated.
#  Successfully updated.

# Not a target:
runoff.list:
#  Implicit rule search has not been done.
#  Modification time never checked.
#  File has not been updated.

# Not a target:
_echo:
#  Implicit rule search has not been done.
#  Modification time never checked.
#  File has not been updated.

# Not a target:
spinlock.h:
#  Implicit rule search has not been done.
#  Modification time never checked.
#  File has not been updated.

# Not a target:
lapic.c:
#  Implicit rule search has not been done.
#  Modification time never checked.
#  File has not been updated.

# Not a target:
trap.d:
#  Implicit rule search has been done.
#  Last modified 2022-03-04 12:51:22.848496937
#  File has been updated.
#  Successfully updated.

# Not a target:
ioapic.c:
#  Implicit rule search has not been done.
#  Modification time never checked.
#  File has not been updated.

ln.o: ln.c /usr/include/stdc-predef.h types.h stat.h user.h
#  Implicit rule search has not been done.
#  Modification time never checked.
#  File has not been updated.

stressfs.o: stressfs.c /usr/include/stdc-predef.h types.h stat.h user.h fs.h fcntl.h
#  Implicit rule search has not been done.
#  Modification time never checked.
#  File has not been updated.
 

# Not a target:
.DEFAULT:
#  Implicit rule search has not been done.
#  Modification time never checked.
#  File has not been updated.

mkfs: mkfs.c fs.h
#  Implicit rule search has not been done.
#  Modification time never checked.
#  File has not been updated.
#  recipe to execute (from 'Makefile', line 160):
	gcc -Werror -Wall -o mkfs mkfs.c

xv6.img: bootblock kernel
#  Implicit rule search has not been done.
#  Modification time never checked.
#  File has not been updated.
#  recipe to execute (from 'Makefile', line 94):
	dd if=/dev/zero of=xv6.img count=10000
	dd if=bootblock of=xv6.img conv=notrunc
	dd if=kernel of=xv6.img seek=1 conv=notrunc

sleeplock.o: sleeplock.c /usr/include/stdc-predef.h types.h defs.h param.h x86.h memlayout.h mmu.h proc.h spinlock.h sleeplock.h
#  Implicit rule search has not been done.
#  Modification time never checked.
#  File has not been updated.

# Not a target:
printf.d:
#  Implicit rule search has been done.
#  Last modified 2022-03-04 12:51:26.876549138
#  File has been updated.
#  Successfully updated.

kill.o: kill.c /usr/include/stdc-predef.h types.h stat.h user.h
#  Implicit rule search has not been done.
#  Modification time never checked.
#  File has not been updated.

# Not a target:
entry.S:
#  Implicit rule search has not been done.
#  Modification time never checked.
#  File has not been updated.

# Not a target:
fs.d:
#  Implicit rule search has been done.
#  Last modified 2022-03-04 12:51:20.140461841
#  File has been updated.
#  Successfully updated.

xv6memfs.img: bootblock kernelmemfs
#  Implicit rule search has not been done.
#  Modification time never checked.
#  File has not been updated.
#  recipe to execute (from 'Makefile', line 99):
	dd if=/dev/zero of=xv6memfs.img count=10000
	dd if=bootblock of=xv6memfs.img conv=notrunc
	dd if=kernelmemfs of=xv6memfs.img seek=1 conv=notrunc

# Not a target:
usertests.d:
#  Implicit rule search has been done.
#  Last modified 2022-03-04 12:51:29.776586717
#  File has been updated.
#  Successfully updated.

# Not a target:
entryother.d:
#  Implicit rule search has been done.
#  Last modified 2022-03-04 12:51:23.368503677
#  File has been updated.
#  Successfully updated.

dist-test:
#  Phony target (prerequisite of .PHONY).
#  Implicit rule search has not been done.
#  File does not exist.
#  File has not been updated.
#  recipe to execute (from 'Makefile', line 269):
	rm -rf dist
	make dist
	rm -rf dist-test
	mkdir dist-test
	cp dist/* dist-test
	cd dist-test; $(MAKE) print
	cd dist-test; $(MAKE) bochs || true
	cd dist-test; $(MAKE) qemu

syscall.o: syscall.c /usr/include/stdc-predef.h types.h defs.h param.h memlayout.h mmu.h proc.h x86.h syscall.h
#  Implicit rule search has not been done.
#  Modification time never checked.
#  File has not been updated.

echo.o: echo.c /usr/include/stdc-predef.h types.h stat.h user.h
#  Implicit rule search has not been done.
#  Modification time never checked.
#  File has not been updated.

# Not a target:
file.h:
#  Implicit rule search has not been done.
#  Modification time never checked.
#  File has not been updated.

qemu-gdb: fs.img xv6.img .gdbinit
#  Implicit rule search has not been done.
#  Modification time never checked.
#  File has not been updated.
#  recipe to execute (from 'Makefile', line 237):
	@echo "*** Now run 'gdb'." 1>&2
	$(QEMU) -serial mon:stdio $(QEMUOPTS) -S $(QEMUGDB)

entryother.o: entryother.S asm.h memlayout.h mmu.h
#  Implicit rule search has not been done.
#  Modification time never checked.
#  File has not been updated.

# Not a target:
ls.d:
#  Implicit rule search has been done.
#  Last modified 2022-03-04 12:51:27.948563026
#  File has been updated.
#  Successfully updated.

entryother: entryother.S
#  Implicit rule search has not been done.
#  Modification time never checked.
#  File has not been updated.
#  recipe to execute (from 'Makefile', line 112):
	$(CC) $(CFLAGS) -fno-pic -nostdinc -I. -c entryother.S
	$(LD) $(LDFLAGS) -N -e start -Ttext 0x7000 -o bootblockother.o entryother.o
	$(OBJCOPY) -S -O binary -j .text bootblockother.o entryother
	$(OBJDUMP) -S bootblockother.o > entryother.asm

# Not a target:
sysproc.d:
#  Implicit rule search has been done.
#  Last modified 2022-03-04 12:51:22.676494709
#  File has been updated.
#  Successfully updated.

clean:
#  Implicit rule search has not been done.
#  Modification time never checked.
#  File has not been updated.
#  recipe to execute (from 'Makefile', line 191):
	rm -f *.tex *.dvi *.idx *.aux *.log *.ind *.ilg \
	*.o *.d *.asm *.sym vectors.S bootblock entryother \
	initcode initcode.out kernel xv6.img fs.img kernelmemfs \
	xv6memfs.img mkfs .gdbinit \
	$(UPROGS)

# Not a target:
console.c:
#  Implicit rule search has not been done.
#  Modification time never checked.
#  File has not been updated.

# Not a target:
log.d:
#  Implicit rule search has been done.
#  Last modified 2022-03-04 12:51:20.876471381
#  File has been updated.
#  Successfully updated.

# Not a target:
kill.c:
#  Implicit rule search has not been done.
#  Modification time never checked.
#  File has not been updated.

# Not a target:
mp.h:
#  Implicit rule search has not been done.
#  Modification time never checked.
#  File has not been updated.

pipe.o: pipe.c /usr/include/stdc-predef.h types.h defs.h param.h mmu.h proc.h fs.h spinlock.h sleeplock.h file.h
#  Implicit rule search has not been done.
#  Modification time never checked.
#  File has not been updated.

tar:
#  Implicit rule search has not been done.
#  Modification time never checked.
#  File has not been updated.
#  recipe to execute (from 'Makefile', line 281):
	rm -rf /tmp/xv6
	mkdir -p /tmp/xv6
	cp dist/* dist/.gdbinit.tmpl /tmp/xv6
	(cd /tmp; tar cf - xv6) | gzip >xv6-rev10.tar.gz  # the next one will be 10 (9/17)

dist:
#  Phony target (prerequisite of .PHONY).
#  Implicit rule search has not been done.
#  File does not exist.
#  File has not been updated.
#  recipe to execute (from 'Makefile', line 258):
	rm -rf dist
	mkdir dist
	for i in $(FILES); \
	do \
		grep -v PAGEBREAK $$i >dist/$$i; \
	done
	sed '/CUT HERE/,$$d' Makefile >dist/Makefile
	echo >dist/runoff.spec
	cp $(EXTRA) dist

# Not a target:
runoff.spec:
#  Implicit rule search has not been done.
#  Modification time never checked.
#  File has not been updated.

# Not a target:
wc.d:
#  Implicit rule search has been done.
#  Last modified 2022-03-04 12:51:30.036590091
#  File has been updated.
#  Successfully updated.

init.o: init.c /usr/include/stdc-predef.h types.h stat.h user.h fcntl.h
#  Implicit rule search has not been done.
#  Modification time never checked.
#  File has not been updated.

# Not a target:
proc.c:
#  Implicit rule search has not been done.
#  Modification time never checked.
#  File has not been updated.

# Not a target:
kbd.d:
#  Implicit rule search has been done.
#  Last modified 2022-03-04 12:51:20.560467285
#  File has been updated.
#  Successfully updated.

# Not a target:
picirq.d:
#  Implicit rule search has been done.
#  Last modified 2022-03-04 12:51:21.172475215
#  File has been updated.
#  Successfully updated.

# Not a target:
forktest.c:
#  Implicit rule search has not been done.
#  Modification time never checked.
#  File has not been updated.

# Not a target:
memide.o:
#  Implicit rule search has not been done.
#  Modification time never checked.
#  File has not been updated.

vectors.S: vectors.pl
#  Implicit rule search has not been done.
#  Modification time never checked.
#  File has not been updated.
#  recipe to execute (from 'Makefile', line 144):
	./vectors.pl > vectors.S

# Not a target:
spinlock.d:
#  Implicit rule search has been done.
#  Last modified 2022-03-04 12:51:21.948485269
#  File has been updated.
#  Successfully updated.

# Not a target:
usys.S:
#  Implicit rule search has not been done.
#  Modification time never checked.
#  File has not been updated.

qemu-nox: fs.img xv6.img
 
#  Implicit rule search has not been done.
#  Modification time never checked.
#  File has not been updated.
#  recipe to execute (from 'Makefile', line 231):
	$(QEMU) -nographic $(QEMUOPTS)

# Not a target:
_zombie:
#  Implicit rule search has not been done.
#  Modification time never checked.
#  File has not been updated.

zombie.o: zombie.c /usr/include/stdc-predef.h types.h stat.h user.h
#  Implicit rule search has not been done.
#  Modification time never checked.
#  File has not been updated.

# Not a target:
bio.d:
#  Implicit rule search has been done.
#  Last modified 2022-03-04 12:51:19.056447793
#  File has been updated.
#  Successfully updated.

cat.o: cat.c /usr/include/stdc-predef.h types.h stat.h user.h
#  Implicit rule search has not been done.
#  Modification time never checked.
#  File has not been updated.

main.o: main.c /usr/include/stdc-predef.h types.h defs.h param.h memlayout.h mmu.h proc.h x86.h
#  Implicit rule search has not been done.
#  Modification time never checked.
#  File has not been updated.

# Not a target:
sysfile.d:
#  Implicit rule search has been done.
#  Last modified 2022-03-04 12:51:22.568493309
#  File has been updated.
#  Successfully updated.

bootasm.o: bootasm.S asm.h memlayout.h mmu.h
#  Implicit rule search has not been done.
#  Modification time never checked.
#  File has not been updated.

# Not a target:
file.c:
#  Implicit rule search has not been done.
#  Modification time never checked.
#  File has not been updated.

# Not a target:
defs.h:
#  Implicit rule search has not been done.
#  Modification time never checked.
#  File has not been updated.

# Not a target:
uart.c:
#  Implicit rule search has not been done.
#  Modification time never checked.
#  File has not been updated.

# Not a target:
initcode.S:
#  Implicit rule search has not been done.
#  Modification time never checked.
#  File has not been updated.

# Not a target:
bootasm.S:
#  Implicit rule search has not been done.
#  Modification time never checked.
#  File has not been updated.

# Not a target:
trapasm.o:
#  Implicit rule search has not been done.
#  Modification time never checked.
#  File has not been updated.

# Not a target:
string.d:
#  Implicit rule search has been done.
#  Last modified 2022-03-04 12:51:22.076486932
#  File has been updated.
#  Successfully updated.

sh.o: sh.c /usr/include/stdc-predef.h types.h user.h fcntl.h
#  Implicit rule search has not been done.
#  Modification time never checked.
#  File has not been updated.

# Not a target:
printf.c:
#  Implicit rule search has not been done.
#  Modification time never checked.
#  File has not been updated.

# Not a target:
ulib.c:
#  Implicit rule search has not been done.
#  Modification time never checked.
#  File has not been updated.

ide.o: ide.c /usr/include/stdc-predef.h types.h defs.h param.h memlayout.h mmu.h proc.h x86.h traps.h spinlock.h sleeplock.h fs.h buf.h
#  Implicit rule search has not been done.
#  Modification time never checked.
#  File has not been updated.

trap.o: trap.c /usr/include/stdc-predef.h types.h defs.h param.h memlayout.h mmu.h proc.h x86.h traps.h spinlock.h
#  Implicit rule search has not been done.
#  Modification time never checked.
#  File has not been updated.

# Not a target:
grep.d:
#  Implicit rule search has been done.
#  Last modified 2022-03-04 12:51:27.464556757
#  File has been updated.
#  Successfully updated.

# Not a target:
_usertests:
#  Implicit rule search has not been done.
#  Modification time never checked.
#  File has not been updated.

# Not a target:
exec.d:
#  Implicit rule search has been done.
#  Last modified 2022-03-04 12:51:19.472453184
#  File has been updated.
#  Successfully updated.

# Not a target:
kalloc.d:
#  Implicit rule search has been done.
#  Last modified 2022-03-04 12:51:20.468466089
#  File has been updated.
#  Successfully updated.

# Not a target:
umalloc.d:
#  Implicit rule search has been done.
#  Last modified 2022-03-04 12:51:26.980550485
#  File has been updated.
#  Successfully updated.

exec.o: exec.c /usr/include/stdc-predef.h types.h param.h memlayout.h mmu.h proc.h defs.h x86.h elf.h
#  Implicit rule search has not been done.
#  Modification time never checked.
#  File has not been updated.

# Not a target:
mkdir.d:
#  Implicit rule search has been done.
#  Last modified 2022-03-04 12:51:28.052564377
#  File has been updated.
#  Successfully updated.

# Not a target:
toc.ftr:
#  Implicit rule search has not been done.
#  Modification time never checked.
#  File has not been updated.

# Not a target:
_wc:
#  Implicit rule search has not been done.
#  Modification time never checked.
#  File has not been updated.

# Not a target:
bootmain.c:
#  Implicit rule search has not been done.
#  Modification time never checked.
#  File has not been updated.

fs.o: fs.c /usr/include/stdc-predef.h types.h defs.h param.h stat.h mmu.h proc.h spinlock.h sleeplock.h fs.h buf.h file.h
#  Implicit rule search has not been done.
#  Modification time never checked.
#  File has not been updated.

# Not a target:
proc.h:
#  Implicit rule search has not been done.
#  Modification time never checked.
#  File has not been updated.

usertests.o: usertests.c /usr/include/stdc-predef.h param.h types.h stat.h user.h fs.h fcntl.h syscall.h traps.h memlayout.h
#  Implicit rule search has not been done.
#  Modification time never checked.
#  File has not been updated.

# Not a target:
mp.d:
#  Implicit rule search has been done.
#  Last modified 2022-03-04 12:51:21.144474851
#  File has been updated.
#  Successfully updated.

# Not a target:
date.h:
#  Implicit rule search has not been done.
#  Modification time never checked.
#  File has not been updated.

# Not a target:
/usr/include/stdc-predef.h:
#  Implicit rule search has not been done.
#  Modification time never checked.
#  File has not been updated.

# Not a target:
mkfs.c:
#  Implicit rule search has not been done.
#  Modification time never checked.
#  File has not been updated.

# Not a target:
lapic.d:
#  Implicit rule search has been done.
#  Last modified 2022-03-04 12:51:20.740469618
#  File has been updated.
#  Successfully updated.

# Not a target:
ioapic.d:
#  Implicit rule search has been done.
#  Last modified 2022-03-04 12:51:20.360464693
#  File has been updated.
#  Successfully updated.

ls.o: ls.c /usr/include/stdc-predef.h types.h stat.h user.h fs.h
#  Implicit rule search has not been done.
#  Modification time never checked.
#  File has not been updated.

# Not a target:
sleeplock.c:
#  Implicit rule search has not been done.
#  Modification time never checked.
#  File has not been updated.

# Not a target:
_ls:
#  Implicit rule search has not been done.
#  Modification time never checked.
#  File has not been updated.

# Not a target:
kernel.ld:
#  Implicit rule search has not been done.
#  Modification time never checked.
#  File has not been updated.

sysproc.o: sysproc.c /usr/include/stdc-predef.h types.h x86.h defs.h date.h param.h memlayout.h mmu.h proc.h
#  Implicit rule search has not been done.
#  Modification time never checked.
#  File has not been updated.

# Not a target:
buf.h:
#  Implicit rule search has not been done.
#  Modification time never checked.
#  File has not been updated.

.gdbinit: .gdbinit.tmpl
#  Implicit rule search has not been done.
#  Modification time never checked.
#  File has not been updated.
#  recipe to execute (from 'Makefile', line 234):
	sed "s/localhost:1234/localhost:$(GDBPORT)/" < $^ > $@

log.o: log.c /usr/include/stdc-predef.h types.h defs.h param.h spinlock.h sleeplock.h fs.h buf.h
#  Implicit rule search has not been done.
 
#  Modification time never checked.
#  File has not been updated.

# Not a target:
entryother.S:
#  Implicit rule search has not been done.
#  Modification time never checked.
#  File has not been updated.

# Not a target:
syscall.c:
#  Implicit rule search has not been done.
#  Modification time never checked.
#  File has not been updated.

# Not a target:
echo.c:
#  Implicit rule search has not been done.
#  Modification time never checked.
#  File has not been updated.

# Not a target:
swtch.o:
#  Implicit rule search has not been done.
#  Modification time never checked.
#  File has not been updated.

# files hash-table stats:
# Load=229/1024=22%, Rehash=0, Collisions=95/890=11%
# VPATH Search Paths

# No 'vpath' search paths.

# No general ('VPATH' variable) search path.

# strcache buffers: 1 (0) / strings = 293 / storage = 2434 B / avg = 8 B
# current buf: size = 8162 B / used = 2434 B / count = 293 / avg = 8 B

# strcache performance: lookups = 1094 / hit rate = 73%
# hash-table stats:
# Load=293/8192=4%, Rehash=0, Collisions=144/1094=13%
# Finished Make data base on Fri Mar  4 13:39:53 2022

 
